<?xml version="1.0" encoding="UTF-8"?>
<!-- Generated by org.testng.reporters.JUnitXMLReporter -->
<testsuite hostname="Anweshs-MacBook-Pro.local" ignored="0" name="Regression" tests="14" failures="1" timestamp="2020-04-22T22:02:45 IST" time="104.761" errors="0">
  <testcase name="login" time="3.905" classname="tours.OneWaytripTestCase"/>
  <testcase name="oneWayTrip" time="3.526" classname="tours.OneWaytripTestCase"/>
  <testcase name="login" time="4.047" classname="tours.RoundTripTestCase"/>
  <testcase name="RoundTrip" time="3.069" classname="tours.RoundTripTestCase"/>
  <testcase name="registerPage" time="5.979" classname="tours.RegisterTestCase"/>
  <testcase name="registerPage" time="5.836" classname="tours.RegisterTestCase"/>
  <testcase name="registerPage" time="6.629" classname="tours.RegisterTestCase"/>
  <testcase name="HomePageTest" time="11.276" classname="tours.HomePageTestCase"/>
  <testcase name="validatingText" time="0.047" classname="tours.HomePageTestCase"/>
  <testcase name="validatingText2" time="0.036" classname="tours.HomePageTestCase"/>
  <testcase name="validatingText3" time="0.025" classname="tours.HomePageTestCase">
    <failure type="java.lang.AssertionError" message="expected [Atlanta to Las Vegas] but found [Atlanta to Las Vegas i know what to do]">
      <![CDATA[java.lang.AssertionError: expected [Atlanta to Las Vegas] but found [Atlanta to Las Vegas i know what to do]
at tours.HomePageTestCase.validatingText3(HomePageTestCase.java:117)
at java.util.ArrayList.forEach(ArrayList.java:1257)
... Removed 32 stack frames]]>
    </failure>
  </testcase> <!-- validatingText3 -->
  <testcase name="signOnPage" time="3.986" classname="tours.SignOnTestCase"/>
  <testcase name="signOnPage" time="3.724" classname="tours.SignOnTestCase"/>
  <testcase name="signOnPage" time="3.419" classname="tours.SignOnTestCase"/>
</testsuite> <!-- Regression -->
